<?xml version="1.0" encoding="UTF-8"?>
<testsuite name="br.com.dio.desafioreactor.Question2Test" tests="2" skipped="0" failures="0" errors="0" timestamp="2023-06-15T18:33:24" hostname="RENAN" time="0.245">
  <properties/>
  <testcase name="hasXAdmins()" classname="br.com.dio.desafioreactor.Question2Test" time="0.202"/>
  <testcase name="hasNoAdmin()" classname="br.com.dio.desafioreactor.Question2Test" time="0.042"/>
  <system-out><![CDATA[]]></system-out>
  <system-err><![CDATA[]]></system-err>
</testsuite>
